Сборка начата 28.12.2016 15:48:47.
     1>Проект "C:\Users\Андрей\Desktop\учеба-[et,f\2курс\belov\laba_basket_v1.0\laba_basket_v1.0\laba_basket_v1.0.vcxproj" в узле 2 (целевые объекты Build).
     1>ClCompile:
         C:\Program Files (x86)\Microsoft Visual Studio 12.0\VC\bin\CL.exe /c /AI"C:\Program Files (x86)\Reference Assemblies\Microsoft\Framework\.NETFramework\v4.0" /AI"C:\Program Files (x86)\Windows Kits\8.1\References\CommonConfiguration\Neutral" /Zi /clr /nologo /W3 /WX- /sdl /Od /Oy- /D WIN32 /D _DEBUG /D _CONSOLE /D _LIB /D _UNICODE /D UNICODE /EHa /MDd /GS /fp:precise /Zc:wchar_t /Zc:forScope /Fo"Debug\\" /Fd"Debug\vc120.pdb" /TP /FU"C:\Program Files (x86)\Reference Assemblies\Microsoft\Framework\.NETFramework\v4.0\mscorlib.dll" /FU"C:\Program Files (x86)\Reference Assemblies\Microsoft\Framework\.NETFramework\v4.0\System.Data.dll" /FU"C:\Program Files (x86)\Reference Assemblies\Microsoft\Framework\.NETFramework\v4.0\System.dll" /FU"C:\Program Files (x86)\Reference Assemblies\Microsoft\Framework\.NETFramework\v4.0\System.Xml.dll" /analyze- /errorReport:prompt /clr:nostdlib Console_interface.cpp
         Console_interface.cpp
     1>c:\users\андрей\desktop\учеба-[et,f\2курс\belov\laba_basket_v1.0\laba_basket_v1.0\stdafx.h(10): warning C4067: непредвиденные лексемы за директивой препроцессора, требуется newline
     1>c:\users\андрей\desktop\учеба-[et,f\2курс\belov\laba_basket_v1.0\laba_basket_v1.0\stdafx.h(11): warning C4067: непредвиденные лексемы за директивой препроцессора, требуется newline
     1>c:\users\андрей\desktop\учеба-[et,f\2курс\belov\laba_basket_v1.0\laba_basket_v1.0\stdafx.h(13): warning C4067: непредвиденные лексемы за директивой препроцессора, требуется newline
     1>c:\users\андрей\desktop\учеба-[et,f\2курс\belov\laba_basket_v1.0\laba_basket_v1.0\stdafx.h(16): warning C4067: непредвиденные лексемы за директивой препроцессора, требуется newline
     1>c:\users\андрей\desktop\учеба-[et,f\2курс\belov\laba_basket_v1.0\laba_basket_v1.0\stdafx.h(17): warning C4067: непредвиденные лексемы за директивой препроцессора, требуется newline
     1>c:\users\андрей\desktop\учеба-[et,f\2курс\belov\laba_basket_v1.0\laba_basket_v1.0\stdafx.h(18): warning C4067: непредвиденные лексемы за директивой препроцессора, требуется newline
     1>Console_interface.cpp(122): warning C4800: int: принудительно задано логическое значение "true" или "false" (предупреждение о производительности)
     1>Console_interface.cpp(229): warning C4244: аргумент: преобразование "double" в "int", возможна потеря данных
     1>Console_interface.cpp(485): warning C4800: int: принудительно задано логическое значение "true" или "false" (предупреждение о производительности)
     1>Console_interface.cpp(562): warning C4800: int: принудительно задано логическое значение "true" или "false" (предупреждение о производительности)
     1>Console_interface.cpp(566): warning C4800: int: принудительно задано логическое значение "true" или "false" (предупреждение о производительности)
       Link:
         C:\Program Files (x86)\Microsoft Visual Studio 12.0\VC\bin\link.exe /ERRORREPORT:PROMPT /OUT:"C:\Users\Андрей\Desktop\учеба-[et,f\2курс\belov\laba_basket_v1.0\Debug\laba_basket_v1.0.exe" /INCREMENTAL /NOLOGO kernel32.lib user32.lib gdi32.lib winspool.lib comdlg32.lib advapi32.lib shell32.lib ole32.lib oleaut32.lib uuid.lib odbc32.lib odbccp32.lib /MANIFEST /MANIFESTUAC:"level='asInvoker' uiAccess='false'" /manifest:embed /DEBUG /PDB:"C:\Users\Андрей\Desktop\учеба-[et,f\2курс\belov\laba_basket_v1.0\Debug\laba_basket_v1.0.pdb" /ASSEMBLYDEBUG /SUBSYSTEM:CONSOLE /TLBID:1 /DYNAMICBASE /FIXED:NO /NXCOMPAT /MACHINE:X86 Debug\laba_basket_v1.0.res
         Debug\Console_interface.obj
         Debug\Date.obj
         Debug\laba_basket_v1.0.obj
         Debug\SportManager.obj
         Debug\sportsman.obj
         Debug\stdafx.obj
         Debug\Time.obj
         Debug\TList.obj
         Debug\trena.obj
         "Debug\.NETFramework,Version=v4.0.AssemblyAttributes.obj"
         laba_basket_v1.0.vcxproj -> C:\Users\Андрей\Desktop\учеба-[et,f\2курс\belov\laba_basket_v1.0\Debug\laba_basket_v1.0.exe
     1>Сборка проекта "C:\Users\Андрей\Desktop\учеба-[et,f\2курс\belov\laba_basket_v1.0\laba_basket_v1.0\laba_basket_v1.0.vcxproj" завершена (целевые объекты Build).

Сборка успешно завершена.

Затраченное время: 00:00:02.76
